2026-04-14 19:30:45,506 - INFO - score endpoint hit
2026-04-14 19:30:45,506 - INFO - score endpoint hit
2026-04-14 19:30:46,993 - INFO - score endpoint hit
2026-04-14 19:56:47,698 - INFO - Request completed | method=GET | path=/ | status_code=200 | duration_seconds=0.0048
2026-04-14 19:57:02,648 - INFO - Request completed | method=GET | path=/docs | status_code=200 | duration_seconds=0.0012
2026-04-14 19:57:02,861 - INFO - Request completed | method=GET | path=/openapi.json | status_code=200 | duration_seconds=0.0228
2026-04-14 20:06:34,274 - INFO - Request completed | method=GET | path=/ | status_code=200 | duration_seconds=0.0035
2026-04-14 20:06:45,879 - INFO - Request completed | method=GET | path=/health | status_code=200 | duration_seconds=0.0104
2026-04-14 20:06:53,819 - INFO - Request completed | method=GET | path=/ready | status_code=200 | duration_seconds=0.0057
2026-04-14 20:07:06,953 - INFO - Request completed | method=GET | path=/model-info | status_code=200 | duration_seconds=0.008
2026-04-14 20:07:18,377 - INFO - Request completed | method=GET | path=/policy | status_code=200 | duration_seconds=0.0031
2026-04-14 20:09:16,750 - INFO - Request completed | method=GET | path=/ | status_code=200 | duration_seconds=0.005
2026-04-14 20:09:22,902 - INFO - Request completed | method=GET | path=/docs | status_code=200 | duration_seconds=0.0006
2026-04-14 20:09:22,992 - INFO - Request completed | method=GET | path=/openapi.json | status_code=200 | duration_seconds=0.0102
2026-04-14 20:09:32,883 - INFO - Request completed | method=GET | path=/health | status_code=200 | duration_seconds=0.004
2026-04-14 20:09:55,793 - INFO - Request completed | method=GET | path=/ready | status_code=200 | duration_seconds=0.0159
2026-04-14 20:09:58,025 - INFO - Request completed | method=GET | path=/ready | status_code=200 | duration_seconds=0.0031
2026-04-14 20:10:04,774 - INFO - Request completed | method=GET | path=/features | status_code=200 | duration_seconds=0.026
2026-04-14 20:10:16,923 - INFO - Request completed | method=GET | path=/metrics | status_code=200 | duration_seconds=0.0261
2026-04-14 20:10:27,112 - INFO - Request completed | method=GET | path=/model-info | status_code=200 | duration_seconds=0.002
2026-04-14 20:11:42,622 - INFO - Request completed | method=GET | path=/policy | status_code=200 | duration_seconds=0.0075
2026-04-14 20:11:52,891 - INFO - Request completed | method=GET | path=/model-info | status_code=200 | duration_seconds=0.0026
2026-04-14 20:13:32,299 - INFO - Score request received | features_count=30
2026-04-14 20:13:32,320 - INFO - Single scoring completed | decision=ALLOW | risk_tier=LOW | prob=0.1052
2026-04-14 20:13:32,321 - INFO - Request completed | method=POST | path=/score | status_code=200 | duration_seconds=0.0249
2026-04-14 20:14:09,606 - INFO - Batch scoring request received | batch_size=2
2026-04-14 20:14:09,620 - INFO - Batch scoring completed | batch_size=2
2026-04-14 20:14:09,622 - INFO - Request completed | method=POST | path=/score-batch | status_code=200 | duration_seconds=0.0336
2026-04-14 20:15:02,075 - INFO - Policy simulation request received | probability=0.9800 | review_threshold=0.7000 | block_threshold=0.9000
2026-04-14 20:15:02,076 - INFO - Policy simulation completed | decision=BLOCK | risk_tier=HIGH | prob=0.9800
2026-04-14 20:15:02,077 - INFO - Request completed | method=POST | path=/simulate-policy | status_code=200 | duration_seconds=0.03
2026-04-14 20:15:26,792 - INFO - Request completed | method=GET | path=/log-summary | status_code=200 | duration_seconds=0.003
2026-04-16 12:44:01,790 - INFO - Request completed | method=GET | path=/ | status_code=200 | duration_seconds=0.0112
2026-04-16 12:44:02,002 - INFO - Request completed | method=GET | path=/favicon.ico | status_code=404 | duration_seconds=0.0007
2026-04-16 12:44:08,074 - INFO - Request completed | method=GET | path=/docs | status_code=200 | duration_seconds=0.0005
2026-04-16 12:44:08,287 - INFO - Request completed | method=GET | path=/openapi.json | status_code=200 | duration_seconds=0.0458
2026-04-16 20:03:02,728 - INFO - Request completed | method=GET | path=/ | status_code=200 | duration_seconds=0.0058
2026-04-16 20:03:02,783 - INFO - Request completed | method=GET | path=/favicon.ico | status_code=404 | duration_seconds=0.0004
2026-04-16 20:03:08,638 - INFO - Request completed | method=GET | path=/docs | status_code=200 | duration_seconds=0.0005
2026-04-16 20:03:08,848 - INFO - Request completed | method=GET | path=/openapi.json | status_code=200 | duration_seconds=0.0339
2026-04-17 03:21:19,624 - INFO - Score request received | features_count=30
2026-04-17 03:21:19,662 - INFO - Decision=ALLOW | Risk=LOW | Prob=0.1052
2026-04-17 03:21:21,545 - INFO - Score request received | features_count=30
2026-04-17 03:21:21,553 - INFO - Decision=ALLOW | Risk=LOW | Prob=0.1052
2026-04-17 03:21:24,688 - INFO - Score request received | features_count=30
2026-04-17 03:21:24,695 - INFO - Decision=ALLOW | Risk=LOW | Prob=0.1052
2026-04-17 03:21:25,785 - INFO - Score request received | features_count=30
2026-04-17 03:21:25,791 - INFO - Decision=ALLOW | Risk=LOW | Prob=0.1052
2026-04-17 03:23:35,866 - INFO - Score request received | features_count=30
2026-04-17 03:23:35,877 - INFO - Decision=ALLOW | Risk=LOW | Prob=0.1052
2026-04-17 03:41:11,440 - INFO - Policy batch evaluation request received | batch_size=3
2026-04-17 03:41:11,476 - INFO - Policy batch evaluation completed | batch_size=3 | allow=3 | review=0 | block=0 | estimated_decision_cost=0
2026-04-17 03:41:38,212 - INFO - Cost impact simulation request received | batch_size=3
2026-04-17 03:41:38,221 - INFO - Cost impact simulation completed | batch_size=3 | current_cost=0 | baseline_cost=0 | cost_difference=0
2026-04-17 03:42:12,170 - INFO - Cost impact simulation request received | batch_size=3
2026-04-17 03:42:17,572 - INFO - Cost impact simulation request received | batch_size=3
2026-04-17 03:42:22,320 - INFO - Cost impact simulation request received | batch_size=3
2026-04-17 04:00:51,244 - INFO - Score request received | features_count=30
2026-04-17 04:00:51,256 - INFO - Decision=ALLOW | Risk=LOW | Prob=0.1052
2026-04-17 04:01:13,750 - INFO - Policy batch evaluation request received | batch_size=3
2026-04-17 04:01:13,756 - INFO - Policy batch evaluation completed | batch_size=3 | allow=3 | review=0 | block=0 | estimated_decision_cost=0
2026-04-17 04:01:29,538 - INFO - Cost impact simulation request received | batch_size=3
2026-04-17 04:01:29,548 - INFO - Cost impact simulation completed | batch_size=3 | current_cost=0 | baseline_cost=0 | cost_difference=0
2026-04-17 04:09:44,492 - INFO - Policy batch evaluation request received | batch_size=3
2026-04-17 04:09:44,505 - INFO - Policy batch evaluation completed | batch_size=3 | allow=3 | review=0 | block=0 | estimated_decision_cost=0
2026-04-17 04:09:57,036 - INFO - Cost impact simulation request received | batch_size=3
2026-04-17 04:09:57,044 - INFO - Cost impact simulation completed | batch_size=3 | current_cost=0 | baseline_cost=0 | cost_difference=0
2026-04-17 04:10:29,931 - INFO - Cost impact simulation request received | batch_size=3
2026-04-17 04:10:29,939 - INFO - Cost impact simulation completed | batch_size=3 | current_cost=10 | baseline_cost=13 | cost_difference=3
